C51 COMPILER V9.51   ZAD3                                                                  05/24/2022 12:49:18 PAGE 1   


C51 COMPILER V9.51, COMPILATION OF MODULE ZAD3
OBJECT MODULE PLACED IN zad3.OBJ
COMPILER INVOKED BY: C:\Keil\C51\BIN\C51.EXE zad3.c BROWSE DEBUG OBJECTEXTEND TABS(2)

line level    source

   1          #include <REGX52.H>
   2          
   3          #define Port P2
   4          #define No_Key 0x0C
   5          #define Key_is_Off P3_2==1
   6          #define ON  0
   7          #define OFF 1
   8          
   9          volatile unsigned char data ind;
  10          unsigned char Counter;
  11          sbit LED = P0^0;
  12          
  13          sbit Key_1 = Port^4;
  14          sbit Key_2 = Port^5;
  15          sbit Key_3 = Port^6;
  16          sbit Key_4 = Port^7;
  17          
  18          
  19          void Init(void)           
  20            {
  21   1          TMOD = 0x22;                           
  22   1          TH1  = 0x00;          
  23   1          TL1  = 0x00;          
  24   1          TCON = 0x10;          
  25   1          ET1  = 1;                    
  26   1          
  27   1          EX0 = 1;              
  28   1          IT0 = 1;              
  29   1          
  30   1          SCON  = 0x40;         
  31   1          TCLK  = 1;            
  32   1          T2CON = 0x10;         
  33   1          RCAP2H = TH2 = 0xFF;  
  34   1          RCAP2L = TL2 = 0xEE;  
  35   1          TR2 = 1;              
  36   1          TR1 = 1;              
  37   1          EA = 1;               
  38   1        }
  39          
  40          unsigned char Szukaj(unsigned char Kod_przycisku) 
  41           {
  42   1         unsigned char data Value, licznik;                               
  43   1         unsigned char code Koder[] = {0xE7,0xEB,0xED,0xD7,0xDB,0xDD,0xB7,0xBB,0xBD,0x77,0x7B,0x7D};    
  44   1         unsigned char code New_Char[] = {'1','2','3','4','5','6','7','8','9','*','0','#'};                     
             -    
  45   1         
  46   1         licznik=0x00;                                                    
  47   1         while((Koder[licznik]!=Kod_przycisku)&&(licznik<No_Key)){licznik++;} 
  48   1         Value = No_Key;
  49   1         if(licznik!=No_Key){Value = New_Char[licznik];}                  
  50   1         return Value;                                                    
  51   1       }
  52          
  53          void ISR_Timer1 (void) interrupt 3  
  54            {
C51 COMPILER V9.51   ZAD3                                                                  05/24/2022 12:49:18 PAGE 2   

  55   1          unsigned char code Kod[] = {0x7F,0xBF,0xDF,0xEF};     
  56   1          Port = Kod[ind];                                      
  57   1          if(Key_is_Off) {if(ind<3) {ind++;} else {ind=0;}}                                                     
             -                                                           
  58   1        }
  59          
  60          void sleep(void)              
  61           {
  62   1         unsigned char data x,y;
  63   1         for(x=0;x<140;x++) 
  64   1          for(y=0;y<140;y++){;}
  65   1       }
  66           
  67           void sleep2(void)              
  68           {
  69   1         unsigned char data x,y;
  70   1         for(x=0;x<100;x++) 
  71   1          for(y=0;y<100;y++){;}
  72   1       }
  73          
  74          void ISR_INT0 (void) interrupt 0    
  75            {
  76   1          unsigned char data Value, Key, i = 0;
  77   1          TR1 = 0;
  78   1          Key = Port;
  79   1          Value = Szukaj(Key);     
  80   1          if(Value != No_Key)        
  81   1            {
  82   2              if(Key_1 == 0) Counter = 1;
  83   2              else if(Key_2 == 0) Counter = 2;
  84   2              else if(Key_3 == 0) Counter = 3;
  85   2              else if(Key_4 == 0) Counter = 4;
  86   2              LED = ON; sleep2(); LED = OFF; sleep(); sleep(); sleep();
  87   2              while(i < Counter)
  88   2              {
  89   3                LED = ON; sleep(); LED = OFF; sleep();
  90   3                i++;
  91   3              }
  92   2              sleep(); sleep();
  93   2              LED = ON; sleep(); LED = OFF; 
  94   2              TI = 0;             
  95   2              SBUF = Value;      
  96   2                 
  97   2              while(TI==0){;}    
  98   2               
  99   2               IT0 = 0;             
 100   2               IT0 = 1;                         
 101   2            }  
 102   1          
 103   1          TR1 = 1;
 104   1        }  
 105          void Default(void)
 106            {
 107   1          ind  = 0;              
 108   1          Port = 0x7F; 
 109   1        }
 110          
 111          void main(void)  
 112            {
 113   1          Default();   
 114   1          Init();      
 115   1          while(1) {;} 
C51 COMPILER V9.51   ZAD3                                                                  05/24/2022 12:49:18 PAGE 3   

 116   1        }


MODULE INFORMATION:   STATIC OVERLAYABLE
   CODE SIZE        =    308    ----
   CONSTANT SIZE    =     28    ----
   XDATA SIZE       =   ----    ----
   PDATA SIZE       =   ----    ----
   DATA SIZE        =      2    ----
   IDATA SIZE       =   ----    ----
   BIT SIZE         =   ----    ----
END OF MODULE INFORMATION.


C51 COMPILATION COMPLETE.  0 WARNING(S),  0 ERROR(S)
