C51 COMPILER V9.51   ZAD1                                                                  05/24/2022 12:17:22 PAGE 1   


C51 COMPILER V9.51, COMPILATION OF MODULE ZAD1
OBJECT MODULE PLACED IN zad1.OBJ
COMPILER INVOKED BY: C:\Keil\C51\BIN\C51.EXE zad1.c BROWSE DEBUG OBJECTEXTEND TABS(2)

line level    source

   1          #include <REGX52.H>
   2          
   3          sbit LEDZielona = P2^0; 
   4          sbit LEDZolta = P2^7; 
   5          sbit SW = P3^2;
   6          
   7          void timer0_isr() interrupt 1
   8          {
   9   1      TH0 = 0XF9; 
  10   1      TL0 = 0X40;
  11   1      LEDZielona =!LEDZielona; 
  12   1      }
  13          
  14          void main()
  15          {
  16   1         SW = 1; 
  17   1         TMOD = 0x01; 
  18   1         TH0 = 0XFF; 
  19   1         TL0 = 0X00;
  20   1         ET0 = 1; 
  21   1         EA = 1; 
  22   1         TR0 = 1; 
  23   1         while(1)
  24   1          {
  25   2             LEDZolta= SW; 
  26   2          }
  27   1      }


MODULE INFORMATION:   STATIC OVERLAYABLE
   CODE SIZE        =     32    ----
   CONSTANT SIZE    =   ----    ----
   XDATA SIZE       =   ----    ----
   PDATA SIZE       =   ----    ----
   DATA SIZE        =   ----    ----
   IDATA SIZE       =   ----    ----
   BIT SIZE         =   ----    ----
END OF MODULE INFORMATION.


C51 COMPILATION COMPLETE.  0 WARNING(S),  0 ERROR(S)
