C51 COMPILER V9.51   ZAD2                                                                  05/24/2022 12:18:09 PAGE 1   


C51 COMPILER V9.51, COMPILATION OF MODULE ZAD2
OBJECT MODULE PLACED IN zad2.OBJ
COMPILER INVOKED BY: C:\Keil\C51\BIN\C51.EXE zad2.c BROWSE DEBUG OBJECTEXTEND TABS(2)

line level    source

   1          #include <REGX52.H>
   2          
   3          #define Port P2
   4          #define No_Key 0x0C
   5          #define Key_is_Off P3_2==1
   6          #define ON  0
   7          #define OFF 1
   8          
   9          volatile unsigned char data ind;
  10          unsigned char Counter;
  11          sbit LED = P0^0;
  12          
  13          sbit Key_1 = Port^4;
  14          sbit Key_2 = Port^5;
  15          sbit Key_3 = Port^6;
  16          sbit Key_4 = Port^7;
  17          
  18          
  19          void Init(void)           
  20            {
  21   1          TMOD = 0x22;          // Konfiguracja Timera 1                      
  22   1          TH1  = 0x00;          // konfiguracja Timera 1
  23   1          TL1  = 0x00;          // konfiguracja Timera 1
  24   1          TCON = 0x10;          // konfiguracja Timera 1
  25   1          ET1  = 1;             // dolaczenie przerwania od Timer1 do systemu przerwan         
  26   1          
  27   1          EX0 = 1;              // wlaczenie przerwania od INT0
  28   1          IT0 = 1;              // przerwanie aktywne zboczem opadajacym
  29   1          
  30   1          SCON  = 0x40;         // serial control - 8-Bit var. Baud Rate
  31   1          TCLK  = 1;            // dolacz taktowanie do nadajnika portu szeregowego
  32   1          T2CON = 0x10;         // Timer2 jako Baud Rate Generator 2400b/sek
  33   1          RCAP2H = TH2 = 0xFF;  // wartosc poczatkowa licznika T2 - czesc H
  34   1          RCAP2L = TL2 = 0xEE;  // wartosc poczatkowa licznika T2 - czesc L
  35   1          TR2 = 1;              // uruchom Timer 2 - taktowanie nadajnika RS 
  36   1          TR1 = 1;              // wlaczenie timera 1
  37   1          EA = 1;               // wlaczenie systemu przerwan             
  38   1        }
  39          
  40          void ISR_Timer1 (void) interrupt 3  
  41            {
  42   1          unsigned char code Kod[] = {0x7F,0xBF,0xDF,0xEF};     
  43   1          Port = Kod[ind];                                      
  44   1          if(Key_is_Off) {if(ind<3) {ind++;} else {ind=0;}}                                                     
             -                                                           
  45   1        }
  46          
  47          void sleep(void)              
  48           {
  49   1         unsigned char data x,y;
  50   1         for(x=0;x<140;x++) 
  51   1          for(y=0;y<140;y++){;}
  52   1       }
  53          
  54          void ISR_INT0 (void) interrupt 0    
C51 COMPILER V9.51   ZAD2                                                                  05/24/2022 12:18:09 PAGE 2   

  55            {
  56   1          unsigned char data Key, i = 0;
  57   1          TR1 = 0;
  58   1          Key = Port;
  59   1          if(Key_1 == 0) Counter = 1;
  60   1          else if(Key_2 == 0) Counter = 2;
  61   1          else if(Key_3 == 0) Counter = 3;
  62   1          else if(Key_4 == 0) Counter = 4;
  63   1          while(i < Counter)
  64   1          {
  65   2            LED = ON; sleep(); LED = OFF; sleep();
  66   2            i++;
  67   2          }
  68   1          sleep(); sleep();
  69   1          LED = ON; sleep(); LED = OFF;
  70   1          TR1 = 1;
  71   1        }  
  72          void Default(void)
  73            {
  74   1          ind  = 0;              
  75   1          Port = 0x7F; 
  76   1        }
  77          
  78          void main(void)  
  79            {
  80   1          Default();   
  81   1          Init();      
  82   1          while(1) {;} 
  83   1        }


MODULE INFORMATION:   STATIC OVERLAYABLE
   CODE SIZE        =    217    ----
   CONSTANT SIZE    =      4    ----
   XDATA SIZE       =   ----    ----
   PDATA SIZE       =   ----    ----
   DATA SIZE        =      2       1
   IDATA SIZE       =   ----    ----
   BIT SIZE         =   ----    ----
END OF MODULE INFORMATION.


C51 COMPILATION COMPLETE.  0 WARNING(S),  0 ERROR(S)
